<?xml version="1.0" encoding="UTF-8"?>
<!-- Generated by org.testng.reporters.JUnitXMLReporter -->
<testsuite hostname="DESKTOP-BV8MMDS" ignored="0" name="Default test" tests="13" failures="0" timestamp="03 八月 2018 02:10:35 GMT" time="2.101" errors="0">
  <testcase name="deleteByPrimaryKey" time="0.622" classname="com.testfan.mybatis.TUserMapperTest"/>
  <testcase name="deleteByPrimaryKey" time="0.015" classname="com.testfan.mybatis.TUserMapperTest"/>
  <testcase name="deleteByPrimaryKey" time="0.015" classname="com.testfan.mybatis.TUserMapperTest"/>
  <testcase name="deleteByPrimaryKey" time="0.01" classname="com.testfan.mybatis.TUserMapperTest"/>
  <testcase name="deleteByPrimaryKey" time="0.01" classname="com.testfan.mybatis.TUserMapperTest"/>
  <testcase name="deleteByPrimaryKey" time="0.01" classname="com.testfan.mybatis.TUserMapperTest"/>
  <testcase name="deleteByPrimaryKey" time="0.01" classname="com.testfan.mybatis.TUserMapperTest"/>
  <testcase name="deleteByPrimaryKey" time="0.01" classname="com.testfan.mybatis.TUserMapperTest"/>
  <testcase name="deleteByPrimaryKey" time="0.015" classname="com.testfan.mybatis.TUserMapperTest"/>
  <testcase name="deleteByPrimaryKey" time="0.01" classname="com.testfan.mybatis.TUserMapperTest"/>
  <testcase name="insert" time="0.005" classname="com.testfan.mybatis.TUserMapperTest"/>
  <testcase name="insert" time="0.005" classname="com.testfan.mybatis.TUserMapperTest"/>
  <testcase name="insert" time="0.005" classname="com.testfan.mybatis.TUserMapperTest"/>
</testsuite> <!-- Default test -->
