<?xml version="1.0" encoding="UTF-8"?>
<testng-results skipped="0" failed="0" ignored="0" total="13" passed="13">
  <reporter-output>
  </reporter-output>
  <suite name="Default suite" duration-ms="2101" started-at="2018-08-03T02:10:33Z" finished-at="2018-08-03T02:10:35Z">
    <groups>
    </groups>
    <test name="Default test" duration-ms="2101" started-at="2018-08-03T02:10:33Z" finished-at="2018-08-03T02:10:35Z">
      <class name="com.testfan.mybatis.TUserMapperTest">
        <test-method status="PASS" signature="springTestContextBeforeTestClass()[pri:0, instance:com.testfan.mybatis.TUserMapperTest@5ad851c9]" name="springTestContextBeforeTestClass" is-config="true" duration-ms="25" started-at="2018-08-03T02:10:33Z" finished-at="2018-08-03T02:10:33Z">
          <reporter-output>
          </reporter-output>
        </test-method> <!-- springTestContextBeforeTestClass -->
        <test-method status="PASS" signature="springTestContextPrepareTestInstance()[pri:0, instance:com.testfan.mybatis.TUserMapperTest@5ad851c9]" name="springTestContextPrepareTestInstance" is-config="true" duration-ms="1224" started-at="2018-08-03T02:10:33Z" depends-on-methods="org.springframework.test.context.testng.AbstractTestNGSpringContextTests.springTestContextBeforeTestClass" finished-at="2018-08-03T02:10:34Z">
          <reporter-output>
          </reporter-output>
        </test-method> <!-- springTestContextPrepareTestInstance -->
        <test-method status="PASS" signature="springTestContextBeforeTestMethod(java.lang.reflect.Method)[pri:0, instance:com.testfan.mybatis.TUserMapperTest@5ad851c9]" name="springTestContextBeforeTestMethod" is-config="true" duration-ms="5" started-at="2018-08-03T02:10:34Z" finished-at="2018-08-03T02:10:34Z">
          <params>
            <param index="0">
              <value>
                <![CDATA[public void com.testfan.mybatis.TUserMapperTest.deleteByPrimaryKey(com.testfan.testng.TestBean)]]>
              </value>
            </param>
          </params>
          <reporter-output>
          </reporter-output>
        </test-method> <!-- springTestContextBeforeTestMethod -->
        <test-method status="PASS" signature="deleteByPrimaryKey(com.testfan.testng.TestBean)[pri:0, instance:com.testfan.mybatis.TUserMapperTest@5ad851c9]" name="deleteByPrimaryKey" duration-ms="622" started-at="2018-08-03T02:10:34Z" data-provider="db" finished-at="2018-08-03T02:10:35Z">
          <params>
            <param index="0">
              <value>
                <![CDATA[com.testfan.testng.TestBean@34f6515b]]>
              </value>
            </param>
          </params>
          <reporter-output>
          </reporter-output>
        </test-method> <!-- deleteByPrimaryKey -->
        <test-method status="PASS" signature="deleteByPrimaryKey(com.testfan.testng.TestBean)[pri:0, instance:com.testfan.mybatis.TUserMapperTest@5ad851c9]" name="deleteByPrimaryKey" duration-ms="15" started-at="2018-08-03T02:10:35Z" data-provider="db" finished-at="2018-08-03T02:10:35Z">
          <params>
            <param index="0">
              <value>
                <![CDATA[com.testfan.testng.TestBean@26ceffa8]]>
              </value>
            </param>
          </params>
          <reporter-output>
          </reporter-output>
        </test-method> <!-- deleteByPrimaryKey -->
        <test-method status="PASS" signature="springTestContextAfterTestMethod(java.lang.reflect.Method)[pri:0, instance:com.testfan.mybatis.TUserMapperTest@5ad851c9]" name="springTestContextAfterTestMethod" is-config="true" duration-ms="0" started-at="2018-08-03T02:10:35Z" finished-at="2018-08-03T02:10:35Z">
          <params>
            <param index="0">
              <value>
                <![CDATA[public void com.testfan.mybatis.TUserMapperTest.deleteByPrimaryKey(com.testfan.testng.TestBean)]]>
              </value>
            </param>
          </params>
          <reporter-output>
          </reporter-output>
        </test-method> <!-- springTestContextAfterTestMethod -->
        <test-method status="PASS" signature="springTestContextBeforeTestMethod(java.lang.reflect.Method)[pri:0, instance:com.testfan.mybatis.TUserMapperTest@5ad851c9]" name="springTestContextBeforeTestMethod" is-config="true" duration-ms="0" started-at="2018-08-03T02:10:35Z" finished-at="2018-08-03T02:10:35Z">
          <params>
            <param index="0">
              <value>
                <![CDATA[public void com.testfan.mybatis.TUserMapperTest.deleteByPrimaryKey(com.testfan.testng.TestBean)]]>
              </value>
            </param>
          </params>
          <reporter-output>
          </reporter-output>
        </test-method> <!-- springTestContextBeforeTestMethod -->
        <test-method status="PASS" signature="springTestContextAfterTestMethod(java.lang.reflect.Method)[pri:0, instance:com.testfan.mybatis.TUserMapperTest@5ad851c9]" name="springTestContextAfterTestMethod" is-config="true" duration-ms="0" started-at="2018-08-03T02:10:35Z" finished-at="2018-08-03T02:10:35Z">
          <params>
            <param index="0">
              <value>
                <![CDATA[public void com.testfan.mybatis.TUserMapperTest.deleteByPrimaryKey(com.testfan.testng.TestBean)]]>
              </value>
            </param>
          </params>
          <reporter-output>
          </reporter-output>
        </test-method> <!-- springTestContextAfterTestMethod -->
        <test-method status="PASS" signature="deleteByPrimaryKey(com.testfan.testng.TestBean)[pri:0, instance:com.testfan.mybatis.TUserMapperTest@5ad851c9]" name="deleteByPrimaryKey" duration-ms="15" started-at="2018-08-03T02:10:35Z" data-provider="db" finished-at="2018-08-03T02:10:35Z">
          <params>
            <param index="0">
              <value>
                <![CDATA[com.testfan.testng.TestBean@7a55af6b]]>
              </value>
            </param>
          </params>
          <reporter-output>
          </reporter-output>
        </test-method> <!-- deleteByPrimaryKey -->
        <test-method status="PASS" signature="springTestContextBeforeTestMethod(java.lang.reflect.Method)[pri:0, instance:com.testfan.mybatis.TUserMapperTest@5ad851c9]" name="springTestContextBeforeTestMethod" is-config="true" duration-ms="0" started-at="2018-08-03T02:10:35Z" finished-at="2018-08-03T02:10:35Z">
          <params>
            <param index="0">
              <value>
                <![CDATA[public void com.testfan.mybatis.TUserMapperTest.deleteByPrimaryKey(com.testfan.testng.TestBean)]]>
              </value>
            </param>
          </params>
          <reporter-output>
          </reporter-output>
        </test-method> <!-- springTestContextBeforeTestMethod -->
        <test-method status="PASS" signature="springTestContextBeforeTestMethod(java.lang.reflect.Method)[pri:0, instance:com.testfan.mybatis.TUserMapperTest@5ad851c9]" name="springTestContextBeforeTestMethod" is-config="true" duration-ms="5" started-at="2018-08-03T02:10:35Z" finished-at="2018-08-03T02:10:35Z">
          <params>
            <param index="0">
              <value>
                <![CDATA[public void com.testfan.mybatis.TUserMapperTest.deleteByPrimaryKey(com.testfan.testng.TestBean)]]>
              </value>
            </param>
          </params>
          <reporter-output>
          </reporter-output>
        </test-method> <!-- springTestContextBeforeTestMethod -->
        <test-method status="PASS" signature="springTestContextAfterTestMethod(java.lang.reflect.Method)[pri:0, instance:com.testfan.mybatis.TUserMapperTest@5ad851c9]" name="springTestContextAfterTestMethod" is-config="true" duration-ms="0" started-at="2018-08-03T02:10:35Z" finished-at="2018-08-03T02:10:35Z">
          <params>
            <param index="0">
              <value>
                <![CDATA[public void com.testfan.mybatis.TUserMapperTest.deleteByPrimaryKey(com.testfan.testng.TestBean)]]>
              </value>
            </param>
          </params>
          <reporter-output>
          </reporter-output>
        </test-method> <!-- springTestContextAfterTestMethod -->
        <test-method status="PASS" signature="deleteByPrimaryKey(com.testfan.testng.TestBean)[pri:0, instance:com.testfan.mybatis.TUserMapperTest@5ad851c9]" name="deleteByPrimaryKey" duration-ms="10" started-at="2018-08-03T02:10:35Z" data-provider="db" finished-at="2018-08-03T02:10:35Z">
          <params>
            <param index="0">
              <value>
                <![CDATA[com.testfan.testng.TestBean@67545b57]]>
              </value>
            </param>
          </params>
          <reporter-output>
          </reporter-output>
        </test-method> <!-- deleteByPrimaryKey -->
        <test-method status="PASS" signature="springTestContextAfterTestMethod(java.lang.reflect.Method)[pri:0, instance:com.testfan.mybatis.TUserMapperTest@5ad851c9]" name="springTestContextAfterTestMethod" is-config="true" duration-ms="0" started-at="2018-08-03T02:10:35Z" finished-at="2018-08-03T02:10:35Z">
          <params>
            <param index="0">
              <value>
                <![CDATA[public void com.testfan.mybatis.TUserMapperTest.deleteByPrimaryKey(com.testfan.testng.TestBean)]]>
              </value>
            </param>
          </params>
          <reporter-output>
          </reporter-output>
        </test-method> <!-- springTestContextAfterTestMethod -->
        <test-method status="PASS" signature="deleteByPrimaryKey(com.testfan.testng.TestBean)[pri:0, instance:com.testfan.mybatis.TUserMapperTest@5ad851c9]" name="deleteByPrimaryKey" duration-ms="10" started-at="2018-08-03T02:10:35Z" data-provider="db" finished-at="2018-08-03T02:10:35Z">
          <params>
            <param index="0">
              <value>
                <![CDATA[com.testfan.testng.TestBean@4716be8b]]>
              </value>
            </param>
          </params>
          <reporter-output>
          </reporter-output>
        </test-method> <!-- deleteByPrimaryKey -->
        <test-method status="PASS" signature="springTestContextBeforeTestMethod(java.lang.reflect.Method)[pri:0, instance:com.testfan.mybatis.TUserMapperTest@5ad851c9]" name="springTestContextBeforeTestMethod" is-config="true" duration-ms="0" started-at="2018-08-03T02:10:35Z" finished-at="2018-08-03T02:10:35Z">
          <params>
            <param index="0">
              <value>
                <![CDATA[public void com.testfan.mybatis.TUserMapperTest.deleteByPrimaryKey(com.testfan.testng.TestBean)]]>
              </value>
            </param>
          </params>
          <reporter-output>
          </reporter-output>
        </test-method> <!-- springTestContextBeforeTestMethod -->
        <test-method status="PASS" signature="deleteByPrimaryKey(com.testfan.testng.TestBean)[pri:0, instance:com.testfan.mybatis.TUserMapperTest@5ad851c9]" name="deleteByPrimaryKey" duration-ms="10" started-at="2018-08-03T02:10:35Z" data-provider="db" finished-at="2018-08-03T02:10:35Z">
          <params>
            <param index="0">
              <value>
                <![CDATA[com.testfan.testng.TestBean@291a7e3c]]>
              </value>
            </param>
          </params>
          <reporter-output>
          </reporter-output>
        </test-method> <!-- deleteByPrimaryKey -->
        <test-method status="PASS" signature="springTestContextBeforeTestMethod(java.lang.reflect.Method)[pri:0, instance:com.testfan.mybatis.TUserMapperTest@5ad851c9]" name="springTestContextBeforeTestMethod" is-config="true" duration-ms="0" started-at="2018-08-03T02:10:35Z" finished-at="2018-08-03T02:10:35Z">
          <params>
            <param index="0">
              <value>
                <![CDATA[public void com.testfan.mybatis.TUserMapperTest.deleteByPrimaryKey(com.testfan.testng.TestBean)]]>
              </value>
            </param>
          </params>
          <reporter-output>
          </reporter-output>
        </test-method> <!-- springTestContextBeforeTestMethod -->
        <test-method status="PASS" signature="springTestContextAfterTestMethod(java.lang.reflect.Method)[pri:0, instance:com.testfan.mybatis.TUserMapperTest@5ad851c9]" name="springTestContextAfterTestMethod" is-config="true" duration-ms="0" started-at="2018-08-03T02:10:35Z" finished-at="2018-08-03T02:10:35Z">
          <params>
            <param index="0">
              <value>
                <![CDATA[public void com.testfan.mybatis.TUserMapperTest.deleteByPrimaryKey(com.testfan.testng.TestBean)]]>
              </value>
            </param>
          </params>
          <reporter-output>
          </reporter-output>
        </test-method> <!-- springTestContextAfterTestMethod -->
        <test-method status="PASS" signature="springTestContextBeforeTestMethod(java.lang.reflect.Method)[pri:0, instance:com.testfan.mybatis.TUserMapperTest@5ad851c9]" name="springTestContextBeforeTestMethod" is-config="true" duration-ms="5" started-at="2018-08-03T02:10:35Z" finished-at="2018-08-03T02:10:35Z">
          <params>
            <param index="0">
              <value>
                <![CDATA[public void com.testfan.mybatis.TUserMapperTest.deleteByPrimaryKey(com.testfan.testng.TestBean)]]>
              </value>
            </param>
          </params>
          <reporter-output>
          </reporter-output>
        </test-method> <!-- springTestContextBeforeTestMethod -->
        <test-method status="PASS" signature="springTestContextAfterTestMethod(java.lang.reflect.Method)[pri:0, instance:com.testfan.mybatis.TUserMapperTest@5ad851c9]" name="springTestContextAfterTestMethod" is-config="true" duration-ms="0" started-at="2018-08-03T02:10:35Z" finished-at="2018-08-03T02:10:35Z">
          <params>
            <param index="0">
              <value>
                <![CDATA[public void com.testfan.mybatis.TUserMapperTest.deleteByPrimaryKey(com.testfan.testng.TestBean)]]>
              </value>
            </param>
          </params>
          <reporter-output>
          </reporter-output>
        </test-method> <!-- springTestContextAfterTestMethod -->
        <test-method status="PASS" signature="deleteByPrimaryKey(com.testfan.testng.TestBean)[pri:0, instance:com.testfan.mybatis.TUserMapperTest@5ad851c9]" name="deleteByPrimaryKey" duration-ms="10" started-at="2018-08-03T02:10:35Z" data-provider="db" finished-at="2018-08-03T02:10:35Z">
          <params>
            <param index="0">
              <value>
                <![CDATA[com.testfan.testng.TestBean@21337f7b]]>
              </value>
            </param>
          </params>
          <reporter-output>
          </reporter-output>
        </test-method> <!-- deleteByPrimaryKey -->
        <test-method status="PASS" signature="springTestContextBeforeTestMethod(java.lang.reflect.Method)[pri:0, instance:com.testfan.mybatis.TUserMapperTest@5ad851c9]" name="springTestContextBeforeTestMethod" is-config="true" duration-ms="5" started-at="2018-08-03T02:10:35Z" finished-at="2018-08-03T02:10:35Z">
          <params>
            <param index="0">
              <value>
                <![CDATA[public void com.testfan.mybatis.TUserMapperTest.deleteByPrimaryKey(com.testfan.testng.TestBean)]]>
              </value>
            </param>
          </params>
          <reporter-output>
          </reporter-output>
        </test-method> <!-- springTestContextBeforeTestMethod -->
        <test-method status="PASS" signature="springTestContextAfterTestMethod(java.lang.reflect.Method)[pri:0, instance:com.testfan.mybatis.TUserMapperTest@5ad851c9]" name="springTestContextAfterTestMethod" is-config="true" duration-ms="0" started-at="2018-08-03T02:10:35Z" finished-at="2018-08-03T02:10:35Z">
          <params>
            <param index="0">
              <value>
                <![CDATA[public void com.testfan.mybatis.TUserMapperTest.deleteByPrimaryKey(com.testfan.testng.TestBean)]]>
              </value>
            </param>
          </params>
          <reporter-output>
          </reporter-output>
        </test-method> <!-- springTestContextAfterTestMethod -->
        <test-method status="PASS" signature="deleteByPrimaryKey(com.testfan.testng.TestBean)[pri:0, instance:com.testfan.mybatis.TUserMapperTest@5ad851c9]" name="deleteByPrimaryKey" duration-ms="10" started-at="2018-08-03T02:10:35Z" data-provider="db" finished-at="2018-08-03T02:10:35Z">
          <params>
            <param index="0">
              <value>
                <![CDATA[com.testfan.testng.TestBean@632ceb35]]>
              </value>
            </param>
          </params>
          <reporter-output>
          </reporter-output>
        </test-method> <!-- deleteByPrimaryKey -->
        <test-method status="PASS" signature="springTestContextAfterTestMethod(java.lang.reflect.Method)[pri:0, instance:com.testfan.mybatis.TUserMapperTest@5ad851c9]" name="springTestContextAfterTestMethod" is-config="true" duration-ms="5" started-at="2018-08-03T02:10:35Z" finished-at="2018-08-03T02:10:35Z">
          <params>
            <param index="0">
              <value>
                <![CDATA[public void com.testfan.mybatis.TUserMapperTest.deleteByPrimaryKey(com.testfan.testng.TestBean)]]>
              </value>
            </param>
          </params>
          <reporter-output>
          </reporter-output>
        </test-method> <!-- springTestContextAfterTestMethod -->
        <test-method status="PASS" signature="springTestContextBeforeTestMethod(java.lang.reflect.Method)[pri:0, instance:com.testfan.mybatis.TUserMapperTest@5ad851c9]" name="springTestContextBeforeTestMethod" is-config="true" duration-ms="0" started-at="2018-08-03T02:10:35Z" finished-at="2018-08-03T02:10:35Z">
          <params>
            <param index="0">
              <value>
                <![CDATA[public void com.testfan.mybatis.TUserMapperTest.deleteByPrimaryKey(com.testfan.testng.TestBean)]]>
              </value>
            </param>
          </params>
          <reporter-output>
          </reporter-output>
        </test-method> <!-- springTestContextBeforeTestMethod -->
        <test-method status="PASS" signature="deleteByPrimaryKey(com.testfan.testng.TestBean)[pri:0, instance:com.testfan.mybatis.TUserMapperTest@5ad851c9]" name="deleteByPrimaryKey" duration-ms="15" started-at="2018-08-03T02:10:35Z" data-provider="db" finished-at="2018-08-03T02:10:35Z">
          <params>
            <param index="0">
              <value>
                <![CDATA[com.testfan.testng.TestBean@5ddf0d24]]>
              </value>
            </param>
          </params>
          <reporter-output>
          </reporter-output>
        </test-method> <!-- deleteByPrimaryKey -->
        <test-method status="PASS" signature="springTestContextAfterTestMethod(java.lang.reflect.Method)[pri:0, instance:com.testfan.mybatis.TUserMapperTest@5ad851c9]" name="springTestContextAfterTestMethod" is-config="true" duration-ms="5" started-at="2018-08-03T02:10:35Z" finished-at="2018-08-03T02:10:35Z">
          <params>
            <param index="0">
              <value>
                <![CDATA[public void com.testfan.mybatis.TUserMapperTest.deleteByPrimaryKey(com.testfan.testng.TestBean)]]>
              </value>
            </param>
          </params>
          <reporter-output>
          </reporter-output>
        </test-method> <!-- springTestContextAfterTestMethod -->
        <test-method status="PASS" signature="springTestContextBeforeTestMethod(java.lang.reflect.Method)[pri:0, instance:com.testfan.mybatis.TUserMapperTest@5ad851c9]" name="springTestContextBeforeTestMethod" is-config="true" duration-ms="5" started-at="2018-08-03T02:10:35Z" finished-at="2018-08-03T02:10:35Z">
          <params>
            <param index="0">
              <value>
                <![CDATA[public void com.testfan.mybatis.TUserMapperTest.deleteByPrimaryKey(com.testfan.testng.TestBean)]]>
              </value>
            </param>
          </params>
          <reporter-output>
          </reporter-output>
        </test-method> <!-- springTestContextBeforeTestMethod -->
        <test-method status="PASS" signature="deleteByPrimaryKey(com.testfan.testng.TestBean)[pri:0, instance:com.testfan.mybatis.TUserMapperTest@5ad851c9]" name="deleteByPrimaryKey" duration-ms="10" started-at="2018-08-03T02:10:35Z" data-provider="db" finished-at="2018-08-03T02:10:35Z">
          <params>
            <param index="0">
              <value>
                <![CDATA[com.testfan.testng.TestBean@3abada5a]]>
              </value>
            </param>
          </params>
          <reporter-output>
          </reporter-output>
        </test-method> <!-- deleteByPrimaryKey -->
        <test-method status="PASS" signature="springTestContextAfterTestMethod(java.lang.reflect.Method)[pri:0, instance:com.testfan.mybatis.TUserMapperTest@5ad851c9]" name="springTestContextAfterTestMethod" is-config="true" duration-ms="0" started-at="2018-08-03T02:10:35Z" finished-at="2018-08-03T02:10:35Z">
          <params>
            <param index="0">
              <value>
                <![CDATA[public void com.testfan.mybatis.TUserMapperTest.deleteByPrimaryKey(com.testfan.testng.TestBean)]]>
              </value>
            </param>
          </params>
          <reporter-output>
          </reporter-output>
        </test-method> <!-- springTestContextAfterTestMethod -->
        <test-method status="PASS" signature="springTestContextBeforeTestMethod(java.lang.reflect.Method)[pri:0, instance:com.testfan.mybatis.TUserMapperTest@5ad851c9]" name="springTestContextBeforeTestMethod" is-config="true" duration-ms="0" started-at="2018-08-03T02:10:35Z" finished-at="2018-08-03T02:10:35Z">
          <params>
            <param index="0">
              <value>
                <![CDATA[public void com.testfan.mybatis.TUserMapperTest.insert(java.lang.Class,java.lang.String[])]]>
              </value>
            </param>
          </params>
          <reporter-output>
          </reporter-output>
        </test-method> <!-- springTestContextBeforeTestMethod -->
        <test-method status="PASS" signature="insert(java.lang.Class, [Ljava.lang.String;)[pri:0, instance:com.testfan.mybatis.TUserMapperTest@5ad851c9]" name="insert" duration-ms="5" started-at="2018-08-03T02:10:35Z" data-provider="excel" depends-on-methods="com.testfan.mybatis.TUserMapperTest.deleteByPrimaryKey" finished-at="2018-08-03T02:10:35Z">
          <params>
            <param index="0">
              <value>
                <![CDATA[class java.util.Vector]]>
              </value>
            </param>
            <param index="1">
              <value>
                <![CDATA[[Ljava.lang.String;@66c92293]]>
              </value>
            </param>
          </params>
          <reporter-output>
          </reporter-output>
        </test-method> <!-- insert -->
        <test-method status="PASS" signature="springTestContextBeforeTestMethod(java.lang.reflect.Method)[pri:0, instance:com.testfan.mybatis.TUserMapperTest@5ad851c9]" name="springTestContextBeforeTestMethod" is-config="true" duration-ms="5" started-at="2018-08-03T02:10:35Z" finished-at="2018-08-03T02:10:35Z">
          <params>
            <param index="0">
              <value>
                <![CDATA[public void com.testfan.mybatis.TUserMapperTest.insert(java.lang.Class,java.lang.String[])]]>
              </value>
            </param>
          </params>
          <reporter-output>
          </reporter-output>
        </test-method> <!-- springTestContextBeforeTestMethod -->
        <test-method status="PASS" signature="springTestContextAfterTestMethod(java.lang.reflect.Method)[pri:0, instance:com.testfan.mybatis.TUserMapperTest@5ad851c9]" name="springTestContextAfterTestMethod" is-config="true" duration-ms="0" started-at="2018-08-03T02:10:35Z" finished-at="2018-08-03T02:10:35Z">
          <params>
            <param index="0">
              <value>
                <![CDATA[public void com.testfan.mybatis.TUserMapperTest.insert(java.lang.Class,java.lang.String[])]]>
              </value>
            </param>
          </params>
          <reporter-output>
          </reporter-output>
        </test-method> <!-- springTestContextAfterTestMethod -->
        <test-method status="PASS" signature="insert(java.lang.Class, [Ljava.lang.String;)[pri:0, instance:com.testfan.mybatis.TUserMapperTest@5ad851c9]" name="insert" duration-ms="5" started-at="2018-08-03T02:10:35Z" data-provider="excel" depends-on-methods="com.testfan.mybatis.TUserMapperTest.deleteByPrimaryKey" finished-at="2018-08-03T02:10:35Z">
          <params>
            <param index="0">
              <value>
                <![CDATA[class java.lang.String]]>
              </value>
            </param>
            <param index="1">
              <value>
                <![CDATA[[Ljava.lang.String;@332796d3]]>
              </value>
            </param>
          </params>
          <reporter-output>
          </reporter-output>
        </test-method> <!-- insert -->
        <test-method status="PASS" signature="springTestContextAfterTestMethod(java.lang.reflect.Method)[pri:0, instance:com.testfan.mybatis.TUserMapperTest@5ad851c9]" name="springTestContextAfterTestMethod" is-config="true" duration-ms="0" started-at="2018-08-03T02:10:35Z" finished-at="2018-08-03T02:10:35Z">
          <params>
            <param index="0">
              <value>
                <![CDATA[public void com.testfan.mybatis.TUserMapperTest.insert(java.lang.Class,java.lang.String[])]]>
              </value>
            </param>
          </params>
          <reporter-output>
          </reporter-output>
        </test-method> <!-- springTestContextAfterTestMethod -->
        <test-method status="PASS" signature="insert(java.lang.Class, [Ljava.lang.String;)[pri:0, instance:com.testfan.mybatis.TUserMapperTest@5ad851c9]" name="insert" duration-ms="5" started-at="2018-08-03T02:10:35Z" data-provider="excel" depends-on-methods="com.testfan.mybatis.TUserMapperTest.deleteByPrimaryKey" finished-at="2018-08-03T02:10:35Z">
          <params>
            <param index="0">
              <value>
                <![CDATA[class java.lang.Integer]]>
              </value>
            </param>
            <param index="1">
              <value>
                <![CDATA[[Ljava.lang.String;@4f0100a7]]>
              </value>
            </param>
          </params>
          <reporter-output>
          </reporter-output>
        </test-method> <!-- insert -->
        <test-method status="PASS" signature="springTestContextBeforeTestMethod(java.lang.reflect.Method)[pri:0, instance:com.testfan.mybatis.TUserMapperTest@5ad851c9]" name="springTestContextBeforeTestMethod" is-config="true" duration-ms="0" started-at="2018-08-03T02:10:35Z" finished-at="2018-08-03T02:10:35Z">
          <params>
            <param index="0">
              <value>
                <![CDATA[public void com.testfan.mybatis.TUserMapperTest.insert(java.lang.Class,java.lang.String[])]]>
              </value>
            </param>
          </params>
          <reporter-output>
          </reporter-output>
        </test-method> <!-- springTestContextBeforeTestMethod -->
        <test-method status="PASS" signature="springTestContextAfterTestMethod(java.lang.reflect.Method)[pri:0, instance:com.testfan.mybatis.TUserMapperTest@5ad851c9]" name="springTestContextAfterTestMethod" is-config="true" duration-ms="0" started-at="2018-08-03T02:10:35Z" finished-at="2018-08-03T02:10:35Z">
          <params>
            <param index="0">
              <value>
                <![CDATA[public void com.testfan.mybatis.TUserMapperTest.insert(java.lang.Class,java.lang.String[])]]>
              </value>
            </param>
          </params>
          <reporter-output>
          </reporter-output>
        </test-method> <!-- springTestContextAfterTestMethod -->
        <test-method status="PASS" signature="springTestContextAfterTestClass()[pri:0, instance:com.testfan.mybatis.TUserMapperTest@5ad851c9]" name="springTestContextAfterTestClass" is-config="true" duration-ms="0" started-at="2018-08-03T02:10:35Z" finished-at="2018-08-03T02:10:35Z">
          <reporter-output>
          </reporter-output>
        </test-method> <!-- springTestContextAfterTestClass -->
      </class> <!-- com.testfan.mybatis.TUserMapperTest -->
    </test> <!-- Default test -->
  </suite> <!-- Default suite -->
</testng-results>
