<?xml version="1.0" encoding="UTF-8"?>
<!-- Generated by org.testng.reporters.JUnitXMLReporter -->
<testsuite hostname="DESKTOP-BV8MMDS" ignored="0" name="testDemo1" tests="15" failures="0" timestamp="29 七月 2018 03:59:45 GMT" time="1.11" errors="0">
  <testcase name="parameterIntTest" time="0.179" classname="com.testfan.testng.DataProviderTest1"/>
  <testcase name="parameterIntTest" time="0.008" classname="com.testfan.testng.DataProviderTest1"/>
  <testcase name="parameterIntTest" time="0.005" classname="com.testfan.testng.DataProviderTest1"/>
  <testcase name="b" time="0.039" classname="com.testfan.testng.TestNgTest"/>
  <testcase name="parameterIntTest" time="0.039" classname="com.testfan.testng.DataProviderTest2"/>
  <testcase name="parameterIntTest" time="0.012" classname="com.testfan.testng.DataProviderTest2"/>
  <testcase name="parameterIntTest" time="0.026" classname="com.testfan.testng.DataProviderTest2"/>
  <testcase name="parameterIntTest" time="0.012" classname="com.testfan.testng.DataProviderTest2"/>
  <testcase name="parameterIntTest" time="0.015" classname="com.testfan.testng.DataProviderTest2"/>
  <testcase name="parameterIntTest" time="0.013" classname="com.testfan.testng.DataProviderTest2"/>
  <testcase name="parameterIntTest" time="0.02" classname="com.testfan.testng.DataProviderTest2"/>
  <testcase name="parameterIntTest" time="0.006" classname="com.testfan.testng.DataProviderTest2"/>
  <testcase name="parameterIntTest" time="0.006" classname="com.testfan.testng.DataProviderTest2"/>
  <testcase name="parameterIntTest" time="0.007" classname="com.testfan.testng.DataProviderTest2"/>
  <testcase name="a" time="0.016" classname="com.testfan.testng.TestNgTest"/>
</testsuite> <!-- testDemo1 -->
