<?xml version="1.0" encoding="UTF-8"?>
<!-- Generated by org.testng.reporters.JUnitXMLReporter -->
<testsuite hostname="DESKTOP-BV8MMDS" ignored="0" name="单元测试" tests="15" failures="0" timestamp="29 七月 2018 05:48:36 GMT" time="0.634" errors="0">
  <testcase name="parameterIntTest" time="0.051" classname="com.testfan.testng.DataProviderTest1"/>
  <testcase name="parameterIntTest" time="0.008" classname="com.testfan.testng.DataProviderTest1"/>
  <testcase name="parameterIntTest" time="0.013" classname="com.testfan.testng.DataProviderTest1"/>
  <testcase name="b" time="0.041" classname="com.testfan.testng.TestNgTest"/>
  <testcase name="parameterIntTest" time="0.056" classname="com.testfan.testng.DataProviderTest2"/>
  <testcase name="parameterIntTest" time="0.015" classname="com.testfan.testng.DataProviderTest2"/>
  <testcase name="parameterIntTest" time="0.023" classname="com.testfan.testng.DataProviderTest2"/>
  <testcase name="parameterIntTest" time="0.042" classname="com.testfan.testng.DataProviderTest2"/>
  <testcase name="parameterIntTest" time="0.057" classname="com.testfan.testng.DataProviderTest2"/>
  <testcase name="parameterIntTest" time="0.065" classname="com.testfan.testng.DataProviderTest2"/>
  <testcase name="parameterIntTest" time="0.07" classname="com.testfan.testng.DataProviderTest2"/>
  <testcase name="parameterIntTest" time="0.076" classname="com.testfan.testng.DataProviderTest2"/>
  <testcase name="parameterIntTest" time="0.087" classname="com.testfan.testng.DataProviderTest2"/>
  <testcase name="parameterIntTest" time="0.112" classname="com.testfan.testng.DataProviderTest2"/>
  <testcase name="a" time="0.012" classname="com.testfan.testng.TestNgTest"/>
</testsuite> <!-- 单元测试 -->
